[validthemes.tech/themeforest/wordpress/ambrox/index.html]
[backblue.gif]
[fade.gif]
[index.html]
[validthemes.tech/themeforest/wordpress/ambrox/wp-includes/css/dist/block-library/style.min6a4d.css]
[validthemes.tech/themeforest/wordpress/ambrox/feed/index.html]
[validthemes.tech/themeforest/wordpress/ambrox/wp-content/plugins/contact-form-7/includes/css/styles4999.css]
[validthemes.tech/themeforest/wordpress/ambrox/wp-content/plugins/elementor/assets/lib/eicons/css/elementor-icons.min3b94.css]
[validthemes.tech/themeforest/wordpress/ambrox/comments/feed/index.html]
[validthemes.tech/themeforest/wordpress/ambrox/wp-content/plugins/elementor/assets/css/frontend-legacy.min991d.css]
[validthemes.tech/themeforest/wordpress/ambrox/wp-content/plugins/elementor/assets/css/frontend.min991d.css]
[validthemes.tech/themeforest/wordpress/ambrox/wp-content/plugins/elementor/assets/lib/swiper/css/swiper.min48f5.css]
[validthemes.tech/themeforest/wordpress/ambrox/wp-content/uploads/elementor/css/post-76740.css]
[validthemes.tech/themeforest/wordpress/ambrox/wp-content/themes/ambrox/style5152.css]
[validthemes.tech/themeforest/wordpress/ambrox/wp-content/themes/ambrox/assets/css/animate5152.css]
[validthemes.tech/themeforest/wordpress/ambrox/wp-content/themes/ambrox/assets/css/bootstrap.min5b31.css]
[validthemes.tech/themeforest/wordpress/ambrox/wp-content/themes/ambrox/assets/css/elegant-icons5152.css]
[validthemes.tech/themeforest/wordpress/ambrox/wp-content/themes/ambrox/assets/css/flaticon-set5152.css]
[validthemes.tech/themeforest/wordpress/ambrox/wp-content/themes/ambrox/assets/css/font-awesome.minad76.css]
[validthemes.tech/themeforest/wordpress/ambrox/wp-content/themes/ambrox/assets/css/helper5152.css]
[validthemes.tech/themeforest/wordpress/ambrox/wp-content/themes/ambrox/assets/css/magnific-popup5152.css]
[validthemes.tech/themeforest/wordpress/ambrox/wp-content/themes/ambrox/assets/css/swiper-bundle.min5152.css]
[validthemes.tech/themeforest/wordpress/ambrox/wp-content/themes/ambrox/assets/css/themify-icons5152.css]
[validthemes.tech/themeforest/wordpress/ambrox/wp-content/themes/ambrox/assets/css/validnavs5152.css]
[validthemes.tech/themeforest/wordpress/ambrox/wp-content/themes/ambrox/assets/css/style5152.css]
[validthemes.tech/themeforest/wordpress/ambrox/wp-content/themes/ambrox/assets/css/unittest5152.css]
[validthemes.tech/themeforest/wordpress/ambrox/wp-content/uploads/2023/01/banner-1.jpg]
[validthemes.tech/themeforest/wordpress/ambrox/wp-content/plugins/elementor/assets/lib/font-awesome/css/fontawesome.min52d5.css]
[validthemes.tech/themeforest/wordpress/ambrox/wp-content/plugins/elementor/assets/lib/font-awesome/css/brands.min52d5.css]
[validthemes.tech/themeforest/wordpress/ambrox/wp-includes/js/jquery/jquery-migrate.mind617.js]
[validthemes.tech/themeforest/wordpress/ambrox/wp-includes/js/jquery/jquery.mina7a0.js]
[validthemes.tech/themeforest/wordpress/ambrox/wp-json/wp/v2/pages/8.json]
[validthemes.tech/themeforest/wordpress/ambrox/wp-json/index.html]
[validthemes.tech/themeforest/wordpress/ambrox/xmlrpc0db0.php]
[validthemes.tech/themeforest/wordpress/ambrox/wp-includes/wlwmanifest.xml]
[validthemes.tech/themeforest/wordpress/ambrox/wp-json/oembed/1.0/embed8532.json]
[validthemes.tech/themeforest/wordpress/ambrox/wp-json/oembed/1.0/embed3678]
[validthemes.tech/themeforest/wordpress/ambrox/wp-content/uploads/2023/01/cropped-logo-32x32.png]
[validthemes.tech/themeforest/wordpress/ambrox/wp-content/uploads/2023/01/cropped-logo-192x192.png]
[validthemes.tech/themeforest/wordpress/ambrox/wp-content/uploads/2023/01/cropped-logo-180x180.png]
[validthemes.tech/themeforest/wordpress/ambrox/wp-content/uploads/2023/02/breadcrumb.jpg]
[validthemes.tech/themeforest/wordpress/ambrox/wp-content/uploads/2023/02/logo.svg]
[validthemes.tech/themeforest/wordpress/ambrox/wp-content/uploads/2023/02/logo-icon-1.svg]
[validthemes.tech/themeforest/wordpress/ambrox/wp-content/plugins/ambrox-core/assets/img/4.png]
[validthemes.tech/themeforest/wordpress/ambrox/wp-content/uploads/2023/01/1.png]
[validthemes.tech/themeforest/wordpress/ambrox/wp-content/plugins/ambrox-core/assets/img/7.png]
[validthemes.tech/themeforest/wordpress/ambrox/wp-content/uploads/2023/01/1-1.png]
[validthemes.tech/themeforest/wordpress/ambrox/wp-content/uploads/2023/01/2.png]
[validthemes.tech/themeforest/wordpress/ambrox/wp-content/uploads/2023/01/4.png]
[validthemes.tech/themeforest/wordpress/ambrox/wp-content/uploads/2023/01/5.jpg]
[validthemes.tech/themeforest/wordpress/ambrox/wp-content/uploads/2023/01/1.webp]
[validthemes.tech/themeforest/wordpress/ambrox/wp-content/plugins/ambrox-core/assets/img/10.png]
[validthemes.tech/themeforest/wordpress/ambrox/wp-content/uploads/2023/01/4.jpg]
[validthemes.tech/themeforest/wordpress/ambrox/wp-content/uploads/2023/01/1-1.jpg]
[validthemes.tech/themeforest/wordpress/ambrox/wp-content/uploads/2023/01/6.jpg]
[validthemes.tech/themeforest/wordpress/ambrox/wp-content/uploads/2023/01/5-1.jpg]
[validthemes.tech/themeforest/wordpress/ambrox/wp-content/uploads/2023/01/7.jpg]
[validthemes.tech/themeforest/wordpress/ambrox/wp-content/uploads/2023/01/8.jpg]
[validthemes.tech/themeforest/wordpress/ambrox/wp-content/uploads/2023/01/2.jpg]
[validthemes.tech/themeforest/wordpress/ambrox/wp-content/uploads/2023/01/1.jpg]
[validthemes.tech/themeforest/wordpress/ambrox/wp-content/uploads/2023/01/2-1.jpg]
[validthemes.tech/themeforest/wordpress/ambrox/wp-content/uploads/2023/01/3-1.png]
[validthemes.tech/themeforest/wordpress/ambrox/wp-content/plugins/ambrox-core/assets/img/14.png]
[validthemes.tech/themeforest/wordpress/ambrox/wp-content/plugins/ambrox-core/assets/img/2.webp]
[validthemes.tech/themeforest/wordpress/ambrox/wp-content/uploads/2023/01/5.png]
[validthemes.tech/themeforest/wordpress/ambrox/wp-content/uploads/2023/01/4-1.png]
[validthemes.tech/themeforest/wordpress/ambrox/wp-content/uploads/2023/01/3-2.png]
[validthemes.tech/themeforest/wordpress/ambrox/wp-content/uploads/2023/01/2-1.png]
[validthemes.tech/themeforest/wordpress/ambrox/wp-content/uploads/2023/01/1-2.png]
[validthemes.tech/themeforest/wordpress/ambrox/wp-content/uploads/2023/01/1-3.png]
[validthemes.tech/themeforest/wordpress/ambrox/wp-content/uploads/2023/01/15.png]
[validthemes.tech/themeforest/wordpress/ambrox/wp-content/uploads/2023/01/2-2.png]
[validthemes.tech/themeforest/wordpress/ambrox/wp-content/uploads/2023/01/16.png]
[validthemes.tech/themeforest/wordpress/ambrox/wp-content/plugins/ambrox-core/assets/img/2.png]
[validthemes.tech/themeforest/wordpress/ambrox/wp-content/uploads/2023/01/3-1-432x324.jpg]
[validthemes.tech/themeforest/wordpress/ambrox/wp-content/uploads/2023/01/2-3-432x324.jpg]
[validthemes.tech/themeforest/wordpress/ambrox/considered-imprudence-of-he-friendship-boisterous-duplicate-1/index.html]
[validthemes.tech/themeforest/wordpress/ambrox/2023/01/31/index.html]
[validthemes.tech/themeforest/wordpress/ambrox/wp-content/uploads/2023/01/1-3-432x324.jpg]
[validthemes.tech/themeforest/wordpress/ambrox/author/ambrox2023/index.html]
[validthemes.tech/themeforest/wordpress/ambrox/considered-imprudence-of-he-friendship-boisterous/index.html]
[validthemes.tech/themeforest/wordpress/ambrox/discovery-earnestly-public-commanded-mentions/index.html]
[validthemes.tech/themeforest/wordpress/ambrox/2023/01/30/index.html]
[validthemes.tech/themeforest/wordpress/ambrox/wp-content/uploads/elementor/css/post-356740.css]
[validthemes.tech/themeforest/wordpress/ambrox/blog/index.html]
[validthemes.tech/themeforest/wordpress/ambrox/contact/index.html]
[validthemes.tech/themeforest/wordpress/ambrox/wp-content/uploads/elementor/css/post-759960.css]
[validthemes.tech/themeforest/wordpress/ambrox/faq/index.html]
[validthemes.tech/themeforest/wordpress/ambrox/portfolio-dark/index.html]
[validthemes.tech/themeforest/wordpress/ambrox/wp-content/uploads/elementor/css/post-1209960.css]
[validthemes.tech/themeforest/wordpress/ambrox/wp-content/plugins/elementor/assets/lib/animations/animations.min991d.css]
[validthemes.tech/themeforest/wordpress/ambrox/wp-content/plugins/ambrox-core/assets/js/ambrox.ajax5152.js]
[validthemes.tech/themeforest/wordpress/ambrox/wp-content/plugins/contact-form-7/includes/swv/js/index4999.js]
[validthemes.tech/themeforest/wordpress/ambrox/wp-content/plugins/contact-form-7/includes/js/index4999.js]
[validthemes.tech/themeforest/wordpress/ambrox/wp-content/themes/ambrox/assets/js/bootstrap.bundle.min8a54.js]
[validthemes.tech/themeforest/wordpress/ambrox/wp-content/themes/ambrox/assets/js/circle-progress8a54.js]
[validthemes.tech/themeforest/wordpress/ambrox/wp-content/themes/ambrox/assets/js/count-to8a54.js]
[validthemes.tech/themeforest/wordpress/ambrox/wp-content/themes/ambrox/assets/js/isotope.pkgd.min8a54.js]
[validthemes.tech/themeforest/wordpress/ambrox/wp-content/themes/ambrox/assets/js/jquery.appear8a54.js]
[validthemes.tech/themeforest/wordpress/ambrox/wp-content/themes/ambrox/assets/js/jquery.easing.min8a54.js]
[validthemes.tech/themeforest/wordpress/ambrox/wp-content/themes/ambrox/assets/js/jquery.magnific-popup.min8a54.js]
[validthemes.tech/themeforest/wordpress/ambrox/wp-content/themes/ambrox/assets/js/jquery.nice-select.min8a54.js]
[validthemes.tech/themeforest/wordpress/ambrox/wp-content/themes/ambrox/assets/js/popper.min8a54.js]
[validthemes.tech/themeforest/wordpress/ambrox/wp-content/themes/ambrox/assets/js/modernizr8a54.js]
[validthemes.tech/themeforest/wordpress/ambrox/wp-content/themes/ambrox/assets/js/progress-bar.min8a54.js]
[validthemes.tech/themeforest/wordpress/ambrox/wp-content/plugins/elementor/assets/lib/swiper/swiper.min48f5.js]
[validthemes.tech/themeforest/wordpress/ambrox/wp-content/themes/ambrox/assets/js/TweenMax.min8a54.js]
[validthemes.tech/themeforest/wordpress/ambrox/wp-content/themes/ambrox/assets/js/validnavs8a54.js]
[validthemes.tech/themeforest/wordpress/ambrox/wp-content/themes/ambrox/assets/js/wow.min8a54.js]
[validthemes.tech/themeforest/wordpress/ambrox/wp-includes/js/imagesloaded.mineda1.js]
[validthemes.tech/themeforest/wordpress/ambrox/wp-content/themes/ambrox/assets/js/YTPlayer.min8a54.js]
[validthemes.tech/themeforest/wordpress/ambrox/wp-content/themes/ambrox/assets/js/typed8a54.js]
[validthemes.tech/themeforest/wordpress/ambrox/wp-content/themes/ambrox/assets/js/main5152.js]
[validthemes.tech/themeforest/wordpress/ambrox/wp-content/plugins/elementor/assets/js/webpack.runtime.min991d.js]
[validthemes.tech/themeforest/wordpress/ambrox/wp-content/plugins/elementor/assets/js/frontend-modules.min991d.js]
[validthemes.tech/themeforest/wordpress/ambrox/wp-content/plugins/elementor/assets/lib/waypoints/waypoints.min05da.js]
[validthemes.tech/themeforest/wordpress/ambrox/wp-includes/js/jquery/ui/core.min3f14.js]
[validthemes.tech/themeforest/wordpress/ambrox/wp-content/plugins/elementor/assets/lib/share-link/share-link.min991d.js]
[validthemes.tech/themeforest/wordpress/ambrox/wp-content/plugins/elementor/assets/lib/dialog/dialog.mind227.js]
[validthemes.tech/themeforest/wordpress/ambrox/wp-content/plugins/elementor/assets/js/frontend.min991d.js]
[validthemes.tech/themeforest/wordpress/ambrox/wp-content/plugins/elementor/assets/js/preloaded-modules.min991d.js]
[validthemes.tech/themeforest/wordpress/ambrox/wp-content/plugins/ambrox-core/assets/js/ambrox-core5152.js]
[validthemes.tech/themeforest/wordpress/ambrox/wp-content/plugins/ambrox-core/assets/js/ambrox-frontend6a4d.js]
[validthemes.tech/themeforest/wordpress/ambrox/index.html]
[validthemes.tech/themeforest/wordpress/ambrox/wp-includes/css/dist/block-library/style.min6a4d.css]
[validthemes.tech/themeforest/wordpress/ambrox/wp-includes/css/classic-themes.min68b3.css]
[validthemes.tech/themeforest/wordpress/ambrox/wp-content/plugins/contact-form-7/includes/css/styles4999.css]
[validthemes.tech/themeforest/wordpress/ambrox/wp-content/plugins/elementor/assets/lib/eicons/fonts/eiconsd6bb.eot]
[validthemes.tech/themeforest/wordpress/ambrox/wp-content/plugins/elementor/assets/lib/eicons/fonts/eiconsd6bb.woff2]
[validthemes.tech/themeforest/wordpress/ambrox/wp-content/plugins/elementor/assets/lib/eicons/fonts/eiconsd6bb.woff]
[validthemes.tech/themeforest/wordpress/ambrox/wp-content/plugins/elementor/assets/lib/eicons/fonts/eiconsd6bb.ttf]
[validthemes.tech/themeforest/wordpress/ambrox/wp-content/plugins/elementor/assets/lib/eicons/css/elementor-icons.min3b94.css]
[validthemes.tech/themeforest/wordpress/ambrox/wp-content/plugins/elementor/assets/css/frontend-legacy.min991d.css]
[validthemes.tech/themeforest/wordpress/ambrox/wp-content/plugins/elementor/assets/css/frontend.min991d.css]
[validthemes.tech/themeforest/wordpress/ambrox/wp-content/plugins/elementor/assets/lib/swiper/css/swiper.min48f5.css]
[validthemes.tech/themeforest/wordpress/ambrox/wp-content/uploads/elementor/css/post-76740.css]
[validthemes.tech/themeforest/wordpress/ambrox/wp-content/uploads/elementor/css/post-85ebc.css]
[validthemes.tech/themeforest/wordpress/ambrox/wp-content/themes/ambrox/style5152.css]
[validthemes.tech/themeforest/wordpress/ambrox/wp-content/themes/ambrox/assets/css/animate5152.css]
[validthemes.tech/themeforest/wordpress/ambrox/wp-content/themes/ambrox/assets/css/bootstrap.min5b31.css]
[validthemes.tech/themeforest/wordpress/ambrox/wp-content/plugins/elementor/assets/lib/eicons/fonts/eiconsd6bb.svg]
[validthemes.tech/themeforest/wordpress/ambrox/wp-content/themes/ambrox/assets/fonts/ElegantIcons.eot]
[validthemes.tech/themeforest/wordpress/ambrox/wp-content/themes/ambrox/assets/fonts/ElegantIconsd41d.eot]
[validthemes.tech/themeforest/wordpress/ambrox/wp-content/themes/ambrox/assets/fonts/ElegantIcons.woff]
[validthemes.tech/themeforest/wordpress/ambrox/wp-content/themes/ambrox/assets/fonts/ElegantIcons.ttf]
[validthemes.tech/themeforest/wordpress/ambrox/wp-content/themes/ambrox/assets/css/ElegantIcons.svg]
[validthemes.tech/themeforest/wordpress/ambrox/wp-content/themes/ambrox/assets/css/elegant-icons5152.css]
[validthemes.tech/themeforest/wordpress/ambrox/wp-content/themes/ambrox/assets/fonts/ElegantIcons.svg]
[validthemes.tech/themeforest/wordpress/ambrox/wp-content/themes/ambrox/assets/fonts/flaticon.eot]
[validthemes.tech/themeforest/wordpress/ambrox/wp-content/themes/ambrox/assets/fonts/flaticond41d.eot]
[validthemes.tech/themeforest/wordpress/ambrox/wp-content/themes/ambrox/assets/fonts/flaticon.woff]
[validthemes.tech/themeforest/wordpress/ambrox/wp-content/themes/ambrox/assets/fonts/flaticon.ttf]
[validthemes.tech/themeforest/wordpress/ambrox/wp-content/themes/ambrox/assets/css/flaticon.svg]
[validthemes.tech/themeforest/wordpress/ambrox/wp-content/themes/ambrox/assets/css/flaticon-set5152.css]
[validthemes.tech/themeforest/wordpress/ambrox/wp-content/themes/ambrox/assets/fonts/fa-brands-400.eot]
[validthemes.tech/themeforest/wordpress/ambrox/wp-content/themes/ambrox/assets/fonts/fa-brands-400d41d.eot]
[validthemes.tech/themeforest/wordpress/ambrox/wp-content/themes/ambrox/assets/fonts/fa-brands-400.woff2]
[validthemes.tech/themeforest/wordpress/ambrox/wp-content/themes/ambrox/assets/fonts/flaticon.svg]
[validthemes.tech/themeforest/wordpress/ambrox/wp-content/themes/ambrox/assets/fonts/fa-brands-400.woff]
[validthemes.tech/themeforest/wordpress/ambrox/wp-content/themes/ambrox/assets/fonts/fa-brands-400.ttf]
[validthemes.tech/themeforest/wordpress/ambrox/wp-content/themes/ambrox/assets/fonts/fa-brands-400.svg]
[validthemes.tech/themeforest/wordpress/ambrox/wp-content/themes/ambrox/assets/fonts/fa-duotone-900.eot]
[validthemes.tech/themeforest/wordpress/ambrox/wp-content/themes/ambrox/assets/fonts/fa-duotone-900d41d.eot]
[validthemes.tech/themeforest/wordpress/ambrox/wp-content/themes/ambrox/assets/fonts/fa-duotone-900.woff2]
[validthemes.tech/themeforest/wordpress/ambrox/wp-content/themes/ambrox/assets/fonts/fa-duotone-900.woff]
[validthemes.tech/themeforest/wordpress/ambrox/wp-content/themes/ambrox/assets/fonts/fa-duotone-900.ttf]
[validthemes.tech/themeforest/wordpress/ambrox/wp-content/themes/ambrox/assets/fonts/fa-duotone-900.svg]
[validthemes.tech/themeforest/wordpress/ambrox/wp-content/themes/ambrox/assets/fonts/fa-light-300.eot]
[validthemes.tech/themeforest/wordpress/ambrox/wp-content/themes/ambrox/assets/fonts/fa-light-300d41d.eot]
[validthemes.tech/themeforest/wordpress/ambrox/wp-content/themes/ambrox/assets/fonts/fa-light-300.woff2]
[validthemes.tech/themeforest/wordpress/ambrox/wp-content/themes/ambrox/assets/fonts/fa-light-300.woff]
[validthemes.tech/themeforest/wordpress/ambrox/wp-content/themes/ambrox/assets/fonts/fa-light-300.ttf]
[validthemes.tech/themeforest/wordpress/ambrox/wp-content/themes/ambrox/assets/fonts/fa-light-300.svg]
[validthemes.tech/themeforest/wordpress/ambrox/wp-content/themes/ambrox/assets/fonts/fa-regular-400.eot]
[validthemes.tech/themeforest/wordpress/ambrox/wp-content/themes/ambrox/assets/fonts/fa-regular-400d41d.eot]
[validthemes.tech/themeforest/wordpress/ambrox/wp-content/themes/ambrox/assets/fonts/fa-regular-400.woff2]
[validthemes.tech/themeforest/wordpress/ambrox/wp-content/themes/ambrox/assets/fonts/fa-regular-400.woff]
[validthemes.tech/themeforest/wordpress/ambrox/wp-content/themes/ambrox/assets/fonts/fa-regular-400.ttf]
[validthemes.tech/themeforest/wordpress/ambrox/wp-content/themes/ambrox/assets/fonts/fa-regular-400.svg]
[validthemes.tech/themeforest/wordpress/ambrox/wp-content/themes/ambrox/assets/fonts/fa-solid-900.eot]
[validthemes.tech/themeforest/wordpress/ambrox/wp-content/themes/ambrox/assets/fonts/fa-solid-900d41d.eot]
[validthemes.tech/themeforest/wordpress/ambrox/wp-content/themes/ambrox/assets/fonts/fa-solid-900.woff2]
[validthemes.tech/themeforest/wordpress/ambrox/wp-content/themes/ambrox/assets/fonts/fa-solid-900.woff]
[validthemes.tech/themeforest/wordpress/ambrox/wp-content/themes/ambrox/assets/fonts/fa-solid-900.ttf]
[validthemes.tech/themeforest/wordpress/ambrox/wp-content/themes/ambrox/assets/fonts/fa-solid-900.svg]
[validthemes.tech/themeforest/wordpress/ambrox/wp-content/themes/ambrox/assets/css/font-awesome.minad76.css]
[validthemes.tech/themeforest/wordpress/ambrox/wp-content/themes/ambrox/assets/css/helper5152.css]
[validthemes.tech/themeforest/wordpress/ambrox/wp-content/themes/ambrox/assets/css/magnific-popup5152.css]
[validthemes.tech/themeforest/wordpress/ambrox/wp-content/themes/ambrox/assets/css/swiper-bundle.min5152.css]
[validthemes.tech/themeforest/wordpress/ambrox/wp-content/themes/ambrox/assets/fonts/themify9f24.eot]
[validthemes.tech/themeforest/wordpress/ambrox/wp-content/themes/ambrox/assets/fonts/themifyd41d.eot]
[validthemes.tech/themeforest/wordpress/ambrox/wp-content/themes/ambrox/assets/fonts/themify9f24.woff]
[validthemes.tech/themeforest/wordpress/ambrox/wp-content/themes/ambrox/assets/fonts/themify9f24.ttf]
[validthemes.tech/themeforest/wordpress/ambrox/wp-content/themes/ambrox/assets/css/themify-icons5152.css]
[validthemes.tech/themeforest/wordpress/ambrox/wp-content/themes/ambrox/assets/css/validnavs5152.css]
[validthemes.tech/themeforest/wordpress/ambrox/wp-content/themes/ambrox/assets/fonts/themify9f24.svg]
[validthemes.tech/themeforest/wordpress/ambrox/wp-content/themes/ambrox/assets/img/9.png]
[validthemes.tech/themeforest/wordpress/ambrox/wp-content/themes/ambrox/assets/css/style5152.css]
[validthemes.tech/themeforest/wordpress/ambrox/wp-content/themes/ambrox/assets/css/unittest5152.css]
[validthemes.tech/themeforest/wordpress/ambrox/wp-content/themes/ambrox/assets/css/color.schemes6a4d.css]
[validthemes.tech/themeforest/wordpress/ambrox/wp-content/plugins/elementor/assets/lib/font-awesome/css/fontawesome.min52d5.css]
[validthemes.tech/themeforest/wordpress/ambrox/wp-content/plugins/elementor/assets/lib/font-awesome/webfonts/fa-brands-400.eot]
[validthemes.tech/themeforest/wordpress/ambrox/wp-content/plugins/elementor/assets/lib/font-awesome/webfonts/fa-brands-400d41d.eot]
[validthemes.tech/themeforest/wordpress/ambrox/wp-content/plugins/elementor/assets/lib/font-awesome/webfonts/fa-brands-400.woff2]
[validthemes.tech/themeforest/wordpress/ambrox/wp-content/plugins/elementor/assets/lib/font-awesome/webfonts/fa-brands-400.woff]
[validthemes.tech/themeforest/wordpress/ambrox/wp-content/plugins/elementor/assets/lib/font-awesome/webfonts/fa-brands-400.ttf]
[validthemes.tech/themeforest/wordpress/ambrox/wp-content/plugins/elementor/assets/lib/font-awesome/css/brands.min52d5.css]
[validthemes.tech/themeforest/wordpress/ambrox/wp-content/uploads/2023/02/logo.svg]
[validthemes.tech/themeforest/wordpress/ambrox/wp-content/uploads/2023/02/logo-icon-1.svg]
[validthemes.tech/themeforest/wordpress/ambrox/wp-json/wp/v2/posts/254.json]
[validthemes.tech/themeforest/wordpress/ambrox/considered-imprudence-of-he-friendship-boisterous-duplicate-1/feed/index.html]
[validthemes.tech/themeforest/wordpress/ambrox/wp-json/oembed/1.0/embed43f5.json]
[validthemes.tech/themeforest/wordpress/ambrox/wp-json/oembed/1.0/embedf509]
[validthemes.tech/themeforest/wordpress/ambrox/xmlrpc.php]
[validthemes.tech/themeforest/wordpress/ambrox/wp-content/plugins/elementor/assets/lib/font-awesome/webfonts/fa-brands-400.svg]
[validthemes.tech/themeforest/wordpress/ambrox/404]
[validthemes.tech/themeforest/wordpress/ambrox/all-services/website-design/index.html]
[validthemes.tech/themeforest/wordpress/ambrox/wp-content/uploads/2023/01/3-1.jpg]
[validthemes.tech/themeforest/wordpress/ambrox/wp-content/uploads/2023/02/18556609_1231489550281923_3752746243690494456_o-150x150.jpg]
[validthemes.tech/themeforest/wordpress/ambrox/category/portfolio/index.html]
[validthemes.tech/themeforest/wordpress/ambrox/all-projects/ui-design/index.html]
[validthemes.tech/themeforest/wordpress/ambrox/wp-content/uploads/2023/01/3-1-80x80.jpg]
[validthemes.tech/themeforest/wordpress/ambrox/wp-content/uploads/2023/01/2-3-80x80.jpg]
[validthemes.tech/themeforest/wordpress/ambrox/tag/ai/index.html]
[validthemes.tech/themeforest/wordpress/ambrox/tag/data-science/index.html]
[validthemes.tech/themeforest/wordpress/ambrox/wp-content/uploads/2023/01/1-3-80x80.jpg]
[validthemes.tech/themeforest/wordpress/ambrox/considered-imprudence-of-he-friendship-boisterous-duplicate-1/index8e42.html]
[validthemes.tech/themeforest/wordpress/ambrox/category/branding/index.html]
[validthemes.tech/themeforest/wordpress/ambrox/considered-imprudence-of-he-friendship-boisterous-duplicate-1/index267f.html]
[validthemes.tech/themeforest/wordpress/ambrox/category/creative/index.html]
[validthemes.tech/themeforest/wordpress/ambrox/wp-includes/js/comment-reply.min6a4d.js]
[validthemes.tech/themeforest/wordpress/ambrox/considered-imprudence-of-he-friendship-boisterous-duplicate-1/index.html]
[validthemes.tech/themeforest/wordpress/ambrox/category/design/index.html]
[validthemes.tech/themeforest/wordpress/ambrox/tag/algorithm/index.html]
[validthemes.tech/themeforest/wordpress/ambrox/tag/business/index.html]
[validthemes.tech/themeforest/wordpress/ambrox/tag/online/index.html]
[validthemes.tech/themeforest/wordpress/ambrox/wp-json/wp/v2/users/1.json]
[validthemes.tech/themeforest/wordpress/ambrox/author/ambrox2023/feed/index.html]
[validthemes.tech/themeforest/wordpress/ambrox/wp-content/uploads/2023/01/2-3.jpg]
[validthemes.tech/themeforest/wordpress/ambrox/wp-content/uploads/2023/01/1-3.jpg]
[validthemes.tech/themeforest/wordpress/ambrox/author/ambrox2023/index.html]
[validthemes.tech/themeforest/wordpress/ambrox/2023/01/31/index.html]
[validthemes.tech/themeforest/wordpress/ambrox/considered-imprudence-of-he-friendship-boisterous/feed/index.html]
[validthemes.tech/themeforest/wordpress/ambrox/wp-json/wp/v2/posts/251.json]
[validthemes.tech/themeforest/wordpress/ambrox/wp-json/oembed/1.0/embeda89f.json]
[validthemes.tech/themeforest/wordpress/ambrox/wp-json/oembed/1.0/embedd84c]
[validthemes.tech/themeforest/wordpress/ambrox/considered-imprudence-of-he-friendship-boisterous/index.html]
[validthemes.tech/themeforest/wordpress/ambrox/wp-json/wp/v2/posts/212.json]
[validthemes.tech/themeforest/wordpress/ambrox/considered-imprudence-of-he-friendship-boisterous/index94a5.html]
[validthemes.tech/themeforest/wordpress/ambrox/considered-imprudence-of-he-friendship-boisterous/index41b7.html]
[validthemes.tech/themeforest/wordpress/ambrox/wp-json/oembed/1.0/embedbac4.json]
[validthemes.tech/themeforest/wordpress/ambrox/wp-json/oembed/1.0/embed57cb]
[validthemes.tech/themeforest/wordpress/ambrox/discovery-earnestly-public-commanded-mentions/feed/index.html]
[validthemes.tech/themeforest/wordpress/ambrox/discovery-earnestly-public-commanded-mentions/indexfc06.html]
[validthemes.tech/themeforest/wordpress/ambrox/discovery-earnestly-public-commanded-mentions/index6944.html]
[validthemes.tech/themeforest/wordpress/ambrox/discovery-earnestly-public-commanded-mentions/index.html]
[validthemes.tech/themeforest/wordpress/ambrox/2023/01/30/index.html]
[validthemes.tech/themeforest/wordpress/ambrox/wp-content/uploads/2023/01/banner-2.jpg]
[validthemes.tech/themeforest/wordpress/ambrox/wp-json/wp/v2/pages/289.json]
[validthemes.tech/themeforest/wordpress/ambrox/wp-json/oembed/1.0/embed87f6.json]
[validthemes.tech/themeforest/wordpress/ambrox/wp-json/oembed/1.0/embed54d5]
[validthemes.tech/themeforest/wordpress/ambrox/wp-content/uploads/2023/01/1-light.png]
[validthemes.tech/themeforest/wordpress/ambrox/wp-content/uploads/2023/01/1-light-1.png]
[validthemes.tech/themeforest/wordpress/ambrox/wp-content/uploads/2023/01/2-light.png]
[validthemes.tech/themeforest/wordpress/ambrox/wp-content/uploads/2023/01/3-light.png]
[validthemes.tech/themeforest/wordpress/ambrox/wp-content/uploads/2023/01/4-light.png]
[validthemes.tech/themeforest/wordpress/ambrox/wp-content/uploads/2023/01/5-light.png]
[validthemes.tech/themeforest/wordpress/ambrox/wp-content/uploads/2023/01/16-light.png]
[validthemes.tech/themeforest/wordpress/ambrox/portfolio-dark/index.html]
[validthemes.tech/themeforest/wordpress/ambrox/blog/index.html]
[validthemes.tech/themeforest/wordpress/ambrox/wp-json/wp/v2/pages/403.json]
[validthemes.tech/themeforest/wordpress/ambrox/wp-json/oembed/1.0/embed8629.json]
[validthemes.tech/themeforest/wordpress/ambrox/wp-json/oembed/1.0/embedc621]
[validthemes.tech/themeforest/wordpress/ambrox/contact/index.html]
[validthemes.tech/themeforest/wordpress/ambrox/wp-content/uploads/elementor/css/post-4190009.css]
[validthemes.tech/themeforest/wordpress/ambrox/wp-json/wp/v2/pages/419.json]
[validthemes.tech/themeforest/wordpress/ambrox/wp-json/oembed/1.0/embed6f3b.json]
[validthemes.tech/themeforest/wordpress/ambrox/wp-json/oembed/1.0/embede12f]
[validthemes.tech/themeforest/wordpress/ambrox/faq/index.html]
[validthemes.tech/themeforest/wordpress/ambrox/wp-content/uploads/redux/custom-fonts/fonts8768.css]
[validthemes.tech/themeforest/wordpress/ambrox/wp-content/uploads/elementor/css/post-356740.css]
[validthemes.tech/themeforest/wordpress/ambrox/wp-content/uploads/elementor/css/post-759960.css]
[validthemes.tech/themeforest/wordpress/ambrox/wp-content/uploads/elementor/css/post-1209960.css]
[validthemes.tech/themeforest/wordpress/ambrox/wp-content/plugins/elementor/assets/lib/animations/animations.min991d.css]
[validthemes.tech/themeforest/wordpress/ambrox/wp-content/plugins/elementor/assets/lib/eicons/fonts/eiconsd6bb.svg]
[validthemes.tech/themeforest/wordpress/ambrox/wp-content/themes/ambrox/assets/fonts/ElegantIcons.svg]
[validthemes.tech/themeforest/wordpress/ambrox/wp-content/themes/ambrox/assets/css/ElegantIcons.html]
[validthemes.tech/themeforest/wordpress/ambrox/wp-content/themes/ambrox/assets/fonts/flaticon.svg]
[validthemes.tech/themeforest/wordpress/ambrox/wp-content/themes/ambrox/assets/css/flaticon.html]
[validthemes.tech/themeforest/wordpress/ambrox/wp-content/themes/ambrox/assets/fonts/fa-brands-400.html]
[validthemes.tech/themeforest/wordpress/ambrox/wp-content/themes/ambrox/assets/fonts/fa-duotone-900.html]
[validthemes.tech/themeforest/wordpress/ambrox/wp-content/themes/ambrox/assets/fonts/fa-duotone-900d41d.html]
[validthemes.tech/themeforest/wordpress/ambrox/wp-content/themes/ambrox/assets/fonts/fa-duotone-901.html]
[validthemes.tech/themeforest/wordpress/ambrox/wp-content/themes/ambrox/assets/fonts/fa-duotone-902.html]
[validthemes.tech/themeforest/wordpress/ambrox/wp-content/themes/ambrox/assets/fonts/fa-light-300.html]
[validthemes.tech/themeforest/wordpress/ambrox/wp-content/themes/ambrox/assets/fonts/fa-light-301.html]
[validthemes.tech/themeforest/wordpress/ambrox/wp-content/themes/ambrox/assets/fonts/fa-regular-400.html]
[validthemes.tech/themeforest/wordpress/ambrox/wp-content/themes/ambrox/assets/fonts/fa-solid-900.html]
[validthemes.tech/themeforest/wordpress/ambrox/wp-content/themes/ambrox/assets/fonts/themify9f24.svg]
[validthemes.tech/themeforest/wordpress/ambrox/wp-content/plugins/elementor/assets/lib/font-awesome/webfonts/fa-brands-400.svg]
[validthemes.tech/themeforest/wordpress/ambrox/index6233.html]
[validthemes.tech/themeforest/wordpress/ambrox/xmlrpc.php]
[validthemes.tech/themeforest/wordpress/ambrox/wp-json/wp/v2/ambrox_service/35.json]
[validthemes.tech/themeforest/wordpress/ambrox/wp-json/oembed/1.0/embedc436.json]
[validthemes.tech/themeforest/wordpress/ambrox/wp-json/oembed/1.0/embedeff0]
[validthemes.tech/themeforest/wordpress/ambrox/all-services/index.html]
[validthemes.tech/themeforest/wordpress/ambrox/all-services/website-design/index.html]
[validthemes.tech/themeforest/wordpress/ambrox/wp-json/wp/v2/ambrox_project/120.json]
[validthemes.tech/themeforest/wordpress/ambrox/wp-json/oembed/1.0/embed5ae4.json]
[validthemes.tech/themeforest/wordpress/ambrox/wp-json/oembed/1.0/embed5019]
[validthemes.tech/themeforest/wordpress/ambrox/all-projects/ui-design/index.html]
[validthemes.tech/themeforest/wordpress/ambrox/404.html]
[validthemes.tech/themeforest/wordpress/ambrox/all-projects/index.html]
[validthemes.tech/themeforest/wordpress/ambrox/wp-json/wp/v2/categories/8.json]
[validthemes.tech/themeforest/wordpress/ambrox/category/portfolio/index.html]
[validthemes.tech/themeforest/wordpress/ambrox/category/portfolio/feed/index.html]
[validthemes.tech/themeforest/wordpress/ambrox/wp-json/wp/v2/tags/10.json]
[validthemes.tech/themeforest/wordpress/ambrox/tag/ai/feed/index.html]
[validthemes.tech/themeforest/wordpress/ambrox/tag/ai/index.html]
[validthemes.tech/themeforest/wordpress/ambrox/wp-json/wp/v2/tags/3.json]
[validthemes.tech/themeforest/wordpress/ambrox/tag/data-science/index.html]
[validthemes.tech/themeforest/wordpress/ambrox/considered-imprudence-of-he-friendship-boisterous-duplicate-1/index8e42.html]
[validthemes.tech/themeforest/wordpress/ambrox/tag/data-science/feed/index.html]
[validthemes.tech/themeforest/wordpress/ambrox/considered-imprudence-of-he-friendship-boisterous-duplicate-1/index267f.html]
[validthemes.tech/themeforest/wordpress/ambrox/wp-json/wp/v2/categories/6.json]
[validthemes.tech/themeforest/wordpress/ambrox/category/branding/index.html]
[validthemes.tech/themeforest/wordpress/ambrox/category/branding/feed/index.html]
[validthemes.tech/themeforest/wordpress/ambrox/wp-json/wp/v2/categories/9.json]
[validthemes.tech/themeforest/wordpress/ambrox/category/creative/feed/index.html]
[validthemes.tech/themeforest/wordpress/ambrox/category/creative/index.html]
[validthemes.tech/themeforest/wordpress/ambrox/wp-json/wp/v2/categories/7.json]
[validthemes.tech/themeforest/wordpress/ambrox/category/design/index.html]
[validthemes.tech/themeforest/wordpress/ambrox/category/design/feed/index.html]
[validthemes.tech/themeforest/wordpress/ambrox/wp-json/wp/v2/tags/2.json]
[validthemes.tech/themeforest/wordpress/ambrox/tag/algorithm/index.html]
[validthemes.tech/themeforest/wordpress/ambrox/tag/algorithm/feed/index.html]
[validthemes.tech/themeforest/wordpress/ambrox/wp-json/wp/v2/tags/11.json]
[validthemes.tech/themeforest/wordpress/ambrox/tag/business/feed/index.html]
[validthemes.tech/themeforest/wordpress/ambrox/tag/business/index.html]
[validthemes.tech/themeforest/wordpress/ambrox/wp-json/wp/v2/tags/12.json]
[validthemes.tech/themeforest/wordpress/ambrox/tag/online/index.html]
[validthemes.tech/themeforest/wordpress/ambrox/wp-content/uploads/redux/custom-fonts/fonts5fb7.css]
[validthemes.tech/themeforest/wordpress/ambrox/wp-content/uploads/redux/custom-fonts/fonts1e3f.css]
[validthemes.tech/themeforest/wordpress/ambrox/indexd6e1.html]
[validthemes.tech/themeforest/wordpress/ambrox/tag/online/feed/index.html]
[validthemes.tech/themeforest/wordpress/ambrox/considered-imprudence-of-he-friendship-boisterous/index41b7.html]
[validthemes.tech/themeforest/wordpress/ambrox/considered-imprudence-of-he-friendship-boisterous/index94a5.html]
[validthemes.tech/themeforest/wordpress/ambrox/index905c.html]
[validthemes.tech/themeforest/wordpress/ambrox/discovery-earnestly-public-commanded-mentions/indexfc06.html]
[validthemes.tech/themeforest/wordpress/ambrox/discovery-earnestly-public-commanded-mentions/index6944.html]
[validthemes.tech/themeforest/wordpress/ambrox/wp-content/uploads/redux/custom-fonts/fonts70f6.css]
[validthemes.tech/themeforest/wordpress/ambrox/wp-content/uploads/redux/custom-fonts/fonts12f1.css]
[validthemes.tech/themeforest/wordpress/ambrox/wp-content/uploads/elementor/css/post-2897c14.css]
[validthemes.tech/themeforest/wordpress/ambrox/index8902.html]
[validthemes.tech/themeforest/wordpress/ambrox/index23ea.html]
[validthemes.tech/themeforest/wordpress/ambrox/wp-content/uploads/elementor/css/post-4190009.css]
[validthemes.tech/themeforest/wordpress/ambrox/indexbdfa.html]
[validthemes.tech/themeforest/wordpress/ambrox/wp-content/uploads/redux/custom-fonts/fonts3011.css]
[validthemes.tech/themeforest/wordpress/ambrox/index5c90.html]
[validthemes.tech/themeforest/wordpress/ambrox/all-services/index.html]
[validthemes.tech/themeforest/wordpress/ambrox/wp-content/uploads/redux/custom-fonts/fontsb85a.css]
[validthemes.tech/themeforest/wordpress/ambrox/index2c90.html]
[validthemes.tech/themeforest/wordpress/ambrox/all-services/feed/index.html]
[validthemes.tech/themeforest/wordpress/ambrox/2023/01/28/index.html]
[validthemes.tech/themeforest/wordpress/ambrox/all-projects/index.html]
[validthemes.tech/themeforest/wordpress/ambrox/wp-content/uploads/redux/custom-fonts/fontsedcd.css]
[validthemes.tech/themeforest/wordpress/ambrox/wp-content/uploads/redux/custom-fonts/fonts60af.css]
[validthemes.tech/themeforest/wordpress/ambrox/wp-content/uploads/redux/custom-fonts/fontsadba.css]
[validthemes.tech/themeforest/wordpress/ambrox/wp-content/uploads/redux/custom-fonts/fontsa260.css]
[validthemes.tech/themeforest/wordpress/ambrox/wp-content/uploads/redux/custom-fonts/fonts762a.css]
[validthemes.tech/themeforest/wordpress/ambrox/wp-content/uploads/redux/custom-fonts/fontsfa0f.css]
[validthemes.tech/themeforest/wordpress/ambrox/wp-content/uploads/redux/custom-fonts/fontsaba2.css]
[validthemes.tech/themeforest/wordpress/ambrox/2023/01/28/index.html]
[validthemes.tech/themeforest/wordpress/ambrox/wp-content/uploads/redux/custom-fonts/fonts82d7.css]
[validthemes.tech/themeforest/wordpress/ambrox/2023/01/29/index.html]
[validthemes.tech/themeforest/wordpress/ambrox/all-projects/feed/index.html]
[validthemes.tech/themeforest/wordpress/ambrox/2023/01/29/index.html]
[validthemes.tech/themeforest/wordpress/ambrox/wp-content/uploads/redux/custom-fonts/fonts0406.css]
